<?xml version="1.0" encoding="UTF-8" ?>
<testsuite tests="16" failures="0" name="TestSuite" time="21.346" errors="0" skipped="0">
  <properties>
    <property name="java.vendor" value="Oracle Corporation"/>
    <property name="JOB_NAME" value="FreeCRMtestAutomation"/>
    <property name="PWD" value="/"/>
    <property name="sun.java.launcher" value="SUN_STANDARD"/>
    <property name="sun.management.compiler" value="HotSpot 64-Bit Tiered Compilers"/>
    <property name="JENKINS_HOME" value="/Users/Shared/Jenkins/Home"/>
    <property name="PATH" value="/usr/bin:/bin:/usr/sbin:/sbin"/>
    <property name="HUDSON_SERVER_COOKIE" value="e5f30961b0202c29"/>
    <property name="POM_ARTIFACTID" value="CRMtest"/>
    <property name="os.name" value="Mac OS X"/>
    <property name="sun.boot.class.path" value="/Library/Java/JavaVirtualMachines/jdk1.8.0_191.jdk/Contents/Home/jre/lib/resources.jar:/Library/Java/JavaVirtualMachines/jdk1.8.0_191.jdk/Contents/Home/jre/lib/rt.jar:/Library/Java/JavaVirtualMachines/jdk1.8.0_191.jdk/Contents/Home/jre/lib/sunrsasign.jar:/Library/Java/JavaVirtualMachines/jdk1.8.0_191.jdk/Contents/Home/jre/lib/jsse.jar:/Library/Java/JavaVirtualMachines/jdk1.8.0_191.jdk/Contents/Home/jre/lib/jce.jar:/Library/Java/JavaVirtualMachines/jdk1.8.0_191.jdk/Contents/Home/jre/lib/charsets.jar:/Library/Java/JavaVirtualMachines/jdk1.8.0_191.jdk/Contents/Home/jre/lib/jfr.jar:/Library/Java/JavaVirtualMachines/jdk1.8.0_191.jdk/Contents/Home/jre/classes"/>
    <property name="EXECUTOR_NUMBER" value="1"/>
    <property name="java.vm.specification.vendor" value="Oracle Corporation"/>
    <property name="POM_DISPLAYNAME" value="CRMtest"/>
    <property name="NODE_LABELS" value="master"/>
    <property name="java.runtime.version" value="1.8.0_191-b12"/>
    <property name="user.name" value="jenkins"/>
    <property name="guice.disable.misplaced.annotation.check" value="true"/>
    <property name="user.language" value="en"/>
    <property name="JOB_BASE_NAME" value="FreeCRMtestAutomation"/>
    <property name="RUN_CHANGES_DISPLAY_URL" value="http://localhost:8080/job/FreeCRMtestAutomation/34/display/redirect?page=changes"/>
    <property name="BUILD_DISPLAY_NAME" value="#34"/>
    <property name="TMPDIR" value="/var/folders/2k/7k4gwqw1079gbx2svvm73tj000008_/T/"/>
    <property name="sun.boot.library.path" value="/Library/Java/JavaVirtualMachines/jdk1.8.0_191.jdk/Contents/Home/jre/lib"/>
    <property name="java.version" value="1.8.0_191"/>
    <property name="XPC_FLAGS" value="0x0"/>
    <property name="user.timezone" value="Asia/Kolkata"/>
    <property name="sun.arch.data.model" value="64"/>
    <property name="NODE_NAME" value="master"/>
    <property name="java.endorsed.dirs" value="/Library/Java/JavaVirtualMachines/jdk1.8.0_191.jdk/Contents/Home/jre/lib/endorsed"/>
    <property name="BUILD_ID" value="34"/>
    <property name="sun.cpu.isalist" value=""/>
    <property name="sun.jnu.encoding" value="UTF-8"/>
    <property name="file.encoding.pkg" value="sun.io"/>
    <property name="SHELL" value="/bin/bash"/>
    <property name="file.separator" value="/"/>
    <property name="java.specification.name" value="Java Platform API Specification"/>
    <property name="maven.conf" value="/Users/Shared/Jenkins/Home/tools/hudson.tasks.Maven_MavenInstallation/TestMaven/conf"/>
    <property name="java.class.version" value="52.0"/>
    <property name="org.slf4j.simpleLogger.defaultLogLevel" value="info"/>
    <property name="user.country" value="US"/>
    <property name="java.home" value="/Library/Java/JavaVirtualMachines/jdk1.8.0_191.jdk/Contents/Home/jre"/>
    <property name="java.vm.info" value="mixed mode"/>
    <property name="os.version" value="10.12.6"/>
    <property name="RUN_DISPLAY_URL" value="http://localhost:8080/job/FreeCRMtestAutomation/34/display/redirect"/>
    <property name="POM_VERSION" value="0.0.1-SNAPSHOT"/>
    <property name="sun.font.fontmanager" value="sun.font.CFontManager"/>
    <property name="path.separator" value=":"/>
    <property name="java.vm.version" value="25.191-b12"/>
    <property name="JOB_DISPLAY_URL" value="http://localhost:8080/job/FreeCRMtestAutomation/display/redirect"/>
    <property name="SHLVL" value="0"/>
    <property name="java.awt.printerjob" value="sun.lwawt.macosx.CPrinterJob"/>
    <property name="sun.io.unicode.encoding" value="UnicodeBig"/>
    <property name="JAVA_MAIN_CLASS_2998" value="Main"/>
    <property name="awt.toolkit" value="sun.lwawt.macosx.LWCToolkit"/>
    <property name="LOGNAME" value="jenkins"/>
    <property name="POM_PACKAGING" value="jar"/>
    <property name="HOME" value="/Users/Shared/Jenkins"/>
    <property name="POM_GROUPID" value="QaTestAutomation"/>
    <property name="user.home" value="/Users/Shared/Jenkins"/>
    <property name="BUILD_TAG" value="jenkins-FreeCRMtestAutomation-34"/>
    <property name="JENKINS_SERVER_COOKIE" value="e5f30961b0202c29"/>
    <property name="HUDSON_URL" value="http://localhost:8080/"/>
    <property name="XPC_SERVICE_NAME" value="org.jenkins-ci"/>
    <property name="java.specification.vendor" value="Oracle Corporation"/>
    <property name="CLASSPATH" value=""/>
    <property name="java.library.path" value="/Users/Shared/Jenkins/Library/Java/Extensions:/Library/Java/Extensions:/Network/Library/Java/Extensions:/System/Library/Java/Extensions:/usr/lib/java:."/>
    <property name="java.vendor.url" value="http://java.oracle.com/"/>
    <property name="Apple_PubSub_Socket_Render" value="/private/tmp/com.apple.launchd.LKJiT0BYmW/Render"/>
    <property name="java.vm.vendor" value="Oracle Corporation"/>
    <property name="gopherProxySet" value="false"/>
    <property name="java.runtime.name" value="Java(TM) SE Runtime Environment"/>
    <property name="maven.home" value="/Users/Shared/Jenkins/Home/tools/hudson.tasks.Maven_MavenInstallation/TestMaven"/>
    <property name="java.class.path" value="/Users/Shared/Jenkins/Home/plugins/maven-plugin/WEB-INF/lib/maven35-agent-1.12.jar:/Users/Shared/Jenkins/Home/tools/hudson.tasks.Maven_MavenInstallation/TestMaven/boot/plexus-classworlds-2.6.0.jar:/Users/Shared/Jenkins/Home/tools/hudson.tasks.Maven_MavenInstallation/TestMaven/conf/logging"/>
    <property name="sun.java.command" value="jenkins.maven3.agent.Maven35Main /Users/Shared/Jenkins/Home/tools/hudson.tasks.Maven_MavenInstallation/TestMaven /Users/Shared/Jenkins/Home/war/WEB-INF/lib/remoting-3.30.jar /Users/Shared/Jenkins/Home/plugins/maven-plugin/WEB-INF/lib/maven35-interceptor-1.12.jar /Users/Shared/Jenkins/Home/plugins/maven-plugin/WEB-INF/lib/maven3-interceptor-commons-1.12.jar 51293"/>
    <property name="java.vm.specification.name" value="Java Virtual Machine Specification"/>
    <property name="java.vm.specification.version" value="1.8"/>
    <property name="sun.os.patch.level" value="unknown"/>
    <property name="sun.cpu.endian" value="little"/>
    <property name="M2_HOME" value="/Users/Shared/Jenkins/Home/tools/hudson.tasks.Maven_MavenInstallation/TestMaven"/>
    <property name="java.awt.headless" value="true"/>
    <property name="java.io.tmpdir" value="/var/folders/2k/7k4gwqw1079gbx2svvm73tj000008_/T/"/>
    <property name="HUDSON_HOME" value="/Users/Shared/Jenkins/Home"/>
    <property name="PATH+MAVEN" value="/Users/Shared/Jenkins/Home/tools/hudson.tasks.Maven_MavenInstallation/TestMaven/bin"/>
    <property name="BUILD_URL" value="http://localhost:8080/job/FreeCRMtestAutomation/34/"/>
    <property name="java.vendor.url.bug" value="http://bugreport.sun.com/bugreport/"/>
    <property name="SSH_AUTH_SOCK" value="/private/tmp/com.apple.launchd.W8Ag32NMCd/Listeners"/>
    <property name="java.awt.graphicsenv" value="sun.awt.CGraphicsEnvironment"/>
    <property name="os.arch" value="x86_64"/>
    <property name="com.apple.java.jvmTask" value="CommandLine"/>
    <property name="java.ext.dirs" value="/Users/Shared/Jenkins/Library/Java/Extensions:/Library/Java/JavaVirtualMachines/jdk1.8.0_191.jdk/Contents/Home/jre/lib/ext:/Library/Java/Extensions:/Network/Library/Java/Extensions:/System/Library/Java/Extensions:/usr/lib/java"/>
    <property name="__CF_USER_TEXT_ENCODING" value="0x10A:0:0"/>
    <property name="user.dir" value="/Users/sachusunny/eclipse-workspace/CRMtest"/>
    <property name="JOB_URL" value="http://localhost:8080/job/FreeCRMtestAutomation/"/>
    <property name="line.separator" value="
"/>
    <property name="JAVA_ARCH" value="x86_64"/>
    <property name="MAVEN_HOME" value="/Users/Shared/Jenkins/Home/tools/hudson.tasks.Maven_MavenInstallation/TestMaven"/>
    <property name="java.vm.name" value="Java HotSpot(TM) 64-Bit Server VM"/>
    <property name="BUILD_NUMBER" value="34"/>
    <property name="JENKINS_URL" value="http://localhost:8080/"/>
    <property name="file.encoding" value="UTF-8"/>
    <property name="maven3.interceptor" value="/Users/Shared/Jenkins/Home/plugins/maven-plugin/WEB-INF/lib/maven35-interceptor-1.12.jar"/>
    <property name="WORKSPACE" value="/Users/Shared/Jenkins/Home/workspace/FreeCRMtestAutomation"/>
    <property name="maven3.interceptor.common" value="/Users/Shared/Jenkins/Home/plugins/maven-plugin/WEB-INF/lib/maven3-interceptor-commons-1.12.jar"/>
    <property name="java.specification.version" value="1.8"/>
    <property name="USER" value="jenkins"/>
  </properties>
  <testcase classname="com.CRM.qa.tests.CRMContactTest" name="verifycontacttablabelTest" time="0.041"/>
  <testcase classname="com.CRM.qa.tests.CRMContactTest" name="verifycreatenewcontact" time="5.841"/>
  <testcase classname="com.CRM.qa.tests.CRMContactTest" name="verifycreatenewcontact" time="3.944"/>
  <testcase classname="com.CRM.qa.tests.CRMContactTest" name="clickoncheckboxTest" time="0.504"/>
  <testcase classname="com.CRM.qa.tests.CRMContactTest" name="verify_checknewcontact" time="0.674"/>
  <testcase classname="com.CRM.qa.tests.CRMLandingpageTest" name="verifycontacttabTest" time="0.042"/>
  <testcase classname="com.CRM.qa.tests.CRMLandingpageTest" name="verifydealstabTest" time="0.035"/>
  <testcase classname="com.CRM.qa.tests.CRMLandingpageTest" name="verifylandingpagetitleTest" time="0.006"/>
  <testcase classname="com.CRM.qa.tests.CRMLandingpageTest" name="verifytasktabTest" time="0.053"/>
  <testcase classname="com.CRM.qa.tests.CRMLandingpageTest" name="verifyusernameTest" time="0.051"/>
  <testcase classname="com.CRM.qa.tests.CRMLandingpageTest" name="clickonconatcttabTest" time="1.339"/>
  <testcase classname="com.CRM.qa.tests.CRMLandingpageTest" name="clickondealstabTest" time="1.855"/>
  <testcase classname="com.CRM.qa.tests.CRMLandingpageTest" name="clickontasktabTest" time="1.351"/>
  <testcase classname="com.CRM.qa.tests.CRMLoginTest" name="userloginTest" time="5.565"/>
  <testcase classname="com.CRM.qa.tests.CRMLoginTest" name="verifloginpagetitleTest" time="0.006"/>
  <testcase classname="com.CRM.qa.tests.CRMLoginTest" name="verifyCRMlogoTest" time="0.039"/>
</testsuite>