<?xml version="1.0" encoding="UTF-8"?>
<!-- Generated by org.testng.reporters.JUnitReportReporter -->
<testsuite skipped="0" hostname="sachus-MacBook-Air.local" name="com.CRM.qa.tests.CRMLandingpageTest" tests="8" failures="0" timestamp="07 May 2019 02:15:11 GMT" time="511.303" errors="0">
  <testcase name="verifyusernameTest" time="62.104" classname="com.CRM.qa.tests.CRMLandingpageTest"/>
  <testcase name="clickondealstabTest" time="71.656" classname="com.CRM.qa.tests.CRMLandingpageTest"/>
  <testcase name="verifylandingpagetitleTest" time="65.775" classname="com.CRM.qa.tests.CRMLandingpageTest"/>
  <testcase name="clickonconatcttabTest" time="60.817" classname="com.CRM.qa.tests.CRMLandingpageTest"/>
  <testcase name="verifytasktabTest" time="72.281" classname="com.CRM.qa.tests.CRMLandingpageTest"/>
  <testcase name="verifycontacttabTest" time="45.036" classname="com.CRM.qa.tests.CRMLandingpageTest"/>
  <testcase name="clickontasktabTest" time="61.693" classname="com.CRM.qa.tests.CRMLandingpageTest"/>
  <testcase name="verifydealstabTest" time="71.941" classname="com.CRM.qa.tests.CRMLandingpageTest"/>
</testsuite> <!-- com.CRM.qa.tests.CRMLandingpageTest -->
