<?xml version="1.0" encoding="UTF-8"?>
<!-- Generated by org.testng.reporters.JUnitReportReporter -->
<testsuite skipped="0" hostname="sachus-MacBook-Air.local" name="com.CRM.qa.tests.CRMContactTest" tests="5" failures="0" timestamp="03 May 2019 00:17:30 GMT" time="409.210" errors="0">
  <testcase name="verifycreatenewcontact" time="89.478" classname="com.CRM.qa.tests.CRMContactTest"/>
  <testcase name="clickoncheckboxTest" time="80.562" classname="com.CRM.qa.tests.CRMContactTest"/>
  <testcase name="verify_checknewcontact" time="98.666" classname="com.CRM.qa.tests.CRMContactTest"/>
  <testcase name="verifycreatenewcontact" time="68.814" classname="com.CRM.qa.tests.CRMContactTest"/>
  <testcase name="verifycontacttablabelTest" time="71.690" classname="com.CRM.qa.tests.CRMContactTest"/>
</testsuite> <!-- com.CRM.qa.tests.CRMContactTest -->
