<?xml version="1.0" encoding="UTF-8"?>
<!-- Generated by org.testng.reporters.JUnitReportReporter -->
<testsuite skipped="0" hostname="sachus-MacBook-Air.local" name="com.CRM.qa.tests.CRMLoginTest" tests="3" failures="0" timestamp="05 May 2019 23:32:08 GMT" time="96.504" errors="0">
  <testcase name="userloginTest" time="47.508" classname="com.CRM.qa.tests.CRMLoginTest"/>
  <testcase name="verifloginpagetitleTest" time="23.186" classname="com.CRM.qa.tests.CRMLoginTest"/>
  <testcase name="verifyCRMlogoTest" time="25.810" classname="com.CRM.qa.tests.CRMLoginTest"/>
</testsuite> <!-- com.CRM.qa.tests.CRMLoginTest -->
