<?xml version="1.0" encoding="UTF-8"?>
<!-- Generated by org.testng.reporters.JUnitReportReporter -->
<testsuite skipped="0" hostname="sachus-MacBook-Air.local" name="com.CRM.qa.tests.CRMLoginTest" tests="3" failures="0" timestamp="21 May 2019 00:42:08 GMT" time="28.929" errors="0">
  <testcase name="verifyCRMlogoTest" time="7.391" classname="com.CRM.qa.tests.CRMLoginTest"/>
  <testcase name="verifloginpagetitleTest" time="7.218" classname="com.CRM.qa.tests.CRMLoginTest"/>
  <testcase name="userloginTest" time="14.320" classname="com.CRM.qa.tests.CRMLoginTest"/>
</testsuite> <!-- com.CRM.qa.tests.CRMLoginTest -->
