<?xml version="1.0" encoding="UTF-8"?>
<!-- Generated by org.testng.reporters.JUnitReportReporter -->
<testsuite skipped="0" hostname="sachus-MacBook-Air.local" name="com.CRM.qa.tests.CRMLandingpageTest" tests="8" failures="0" timestamp="21 May 2019 00:42:03 GMT" time="150.055" errors="0">
  <testcase name="clickontasktabTest" time="17.872" classname="com.CRM.qa.tests.CRMLandingpageTest"/>
  <testcase name="clickonconatcttabTest" time="13.735" classname="com.CRM.qa.tests.CRMLandingpageTest"/>
  <testcase name="verifycontacttabTest" time="12.005" classname="com.CRM.qa.tests.CRMLandingpageTest"/>
  <testcase name="verifylandingpagetitleTest" time="21.010" classname="com.CRM.qa.tests.CRMLandingpageTest"/>
  <testcase name="verifyusernameTest" time="22.227" classname="com.CRM.qa.tests.CRMLandingpageTest"/>
  <testcase name="clickondealstabTest" time="16.299" classname="com.CRM.qa.tests.CRMLandingpageTest"/>
  <testcase name="verifydealstabTest" time="35.446" classname="com.CRM.qa.tests.CRMLandingpageTest"/>
  <testcase name="verifytasktabTest" time="11.461" classname="com.CRM.qa.tests.CRMLandingpageTest"/>
</testsuite> <!-- com.CRM.qa.tests.CRMLandingpageTest -->
