<?xml version="1.0" encoding="UTF-8"?>
<!-- Generated by org.testng.reporters.JUnitReportReporter -->
<testsuite skipped="0" hostname="sachus-MacBook-Air.local" name="com.CRM.qa.tests.CRMContactTest" tests="5" failures="0" timestamp="21 May 2019 00:41:58 GMT" time="102.734" errors="0">
  <testcase name="verifycreatenewcontact" time="19.718" classname="com.CRM.qa.tests.CRMContactTest"/>
  <testcase name="clickoncheckboxTest" time="18.029" classname="com.CRM.qa.tests.CRMContactTest"/>
  <testcase name="verifycreatenewcontact" time="30.563" classname="com.CRM.qa.tests.CRMContactTest"/>
  <testcase name="verifycontacttablabelTest" time="13.873" classname="com.CRM.qa.tests.CRMContactTest"/>
  <testcase name="verify_checknewcontact" time="20.551" classname="com.CRM.qa.tests.CRMContactTest"/>
</testsuite> <!-- com.CRM.qa.tests.CRMContactTest -->
